c:\users\高杰\source\repos\chat_server\chat_server\debug\chat_server.pch
c:\users\高杰\source\repos\chat_server\chat_server\debug\vc141.pdb
c:\users\高杰\source\repos\chat_server\chat_server\debug\vc141.idb
c:\users\高杰\source\repos\chat_server\chat_server\debug\stdafx.obj
c:\users\高杰\source\repos\chat_server\chat_server\debug\chat_serverdlg.obj
c:\users\高杰\source\repos\chat_server\chat_server\debug\chat_server.obj
c:\users\高杰\source\repos\chat_server\chat_server\debug\chatserver.res
c:\users\高杰\source\repos\chat_server\debug\chat_server.pdb
c:\users\高杰\source\repos\chat_server\chat_server\debug\chat_server.tlog\cl.command.1.tlog
c:\users\高杰\source\repos\chat_server\chat_server\debug\chat_server.tlog\cl.read.1.tlog
c:\users\高杰\source\repos\chat_server\chat_server\debug\chat_server.tlog\cl.write.1.tlog
c:\users\高杰\source\repos\chat_server\chat_server\debug\chat_server.tlog\link-cvtres.read.1.tlog
c:\users\高杰\source\repos\chat_server\chat_server\debug\chat_server.tlog\link-cvtres.write.1.tlog
c:\users\高杰\source\repos\chat_server\chat_server\debug\chat_server.tlog\link-mt.read.1.tlog
c:\users\高杰\source\repos\chat_server\chat_server\debug\chat_server.tlog\link-mt.write.1.tlog
c:\users\高杰\source\repos\chat_server\chat_server\debug\chat_server.tlog\link-rc.read.1.tlog
c:\users\高杰\source\repos\chat_server\chat_server\debug\chat_server.tlog\link-rc.write.1.tlog
c:\users\高杰\source\repos\chat_server\chat_server\debug\chat_server.tlog\link.command.1.tlog
c:\users\高杰\source\repos\chat_server\chat_server\debug\chat_server.tlog\link.read.1.tlog
c:\users\高杰\source\repos\chat_server\chat_server\debug\chat_server.tlog\link.write.1.tlog
c:\users\高杰\source\repos\chat_server\chat_server\debug\chat_server.tlog\rc.command.1.tlog
c:\users\高杰\source\repos\chat_server\chat_server\debug\chat_server.tlog\rc.read.1.tlog
c:\users\高杰\source\repos\chat_server\chat_server\debug\chat_server.tlog\rc.write.1.tlog
